INFO: latexindent.pl version 3.7.1, 2019-09-07, a script to indent .tex files
      latexindent.pl lives here: /usr/share/texlive/texmf-dist/scripts/latexindent/
      Sat Apr 30 21:27:49 2022
      Filename: /tmp/tmpl5fphc.bib
INFO: Processing switches:
INFO: Directory for backup files and indent.log: /tmp
INFO: Perl modules are being loaded from the following directories:
      /usr/share/perl/5.30/FindBin.pm
      /usr/share/perl5/YAML/Tiny.pm
      /usr/share/perl/5.30/File/Copy.pm
      /usr/share/perl/5.30/File/Basename.pm
      /usr/share/perl/5.30/Getopt/Long.pm
      /usr/share/perl5/File/HomeDir.pm
      /usr/lib/x86_64-linux-gnu/perl5/5.30/Unicode/GCString.pm
      /usr/share/perl5/Log/Log4perl.pm
INFO: Latex Indent perl modules are being loaded from, for example:
      /usr/share/texlive/texmf-dist/scripts/latexindent/LatexIndent/Document.pm
INFO: YAML settings read: defaultSettings.yaml
      Reading defaultSettings.yaml from /usr/share/texlive/texmf-dist/scripts/latexindent/defaultSettings.yaml
INFO: YAML settings read: indentconfig.yaml or .indentconfig.yaml
      Home directory is /home/rpdel552001 (didn't find either indentconfig.yaml or .indentconfig.yaml)
      To specify user settings you would put indentconfig.yaml here: /home/rpdel552001/indentconfig.yaml
      Alternatively, you can use the hidden file .indentconfig.yaml as: /home/rpdel552001/.indentconfig.yaml
INFO: Phase 1: searching for objects
INFO: Phase 2: finding surrounding indentation
INFO: Phase 3: indenting objects
INFO: Phase 4: final indentation check
INFO: Output routine:
      Not outputting to file; see -w and -o switches for more options.
      --------------
INFO: Please direct all communication/issues to:
      https://github.com/cmhughes/latexindent.pl
